
=== Sat Jul 27 17:17:32 2019

Packages were changed.
Update Mode: mergeDefaultDependencies

The following packages were updated:
  com.unity.analytics from version 3.2.2 to 3.3.2
  com.unity.collab-proxy from version 1.2.9 to 1.2.16
  com.unity.package-manager-ui from version 2.1.1 to 2.1.2
  com.unity.purchasing from version 2.0.1 to 2.0.6
  com.unity.textmeshpro from version 1.3.0 to 2.0.1
  com.unity.timeline from version 0.0.0-builtin to 1.0.0

=== Wed Mar  4 07:42:16 2026

Packages were changed.
Update Mode: updateDependencies

The following packages were added:
  com.unity.2d.sprite@1.0.0
  com.unity.2d.tilemap@1.0.0
  com.unity.ide.rider@3.0.38
  com.unity.ide.visualstudio@2.0.25
  com.unity.modules.adaptiveperformance@1.0.0
  com.unity.modules.androidjni@1.0.0
  com.unity.modules.vectorgraphics@1.0.0
  com.unity.test-framework@1.6.0
  com.unity.ugui@2.0.0
  com.unity.ai.navigation@2.0.9
  com.unity.modules.accessibility@1.0.0
  com.unity.multiplayer.center@1.0.1
The following packages were updated:
  com.unity.timeline from version 1.0.0 to 1.8.9
The following packages were removed:
  com.unity.package-manager-ui@2.1.2
  com.unity.textmeshpro@2.0.1
